<?xml version="1.0" encoding="UTF-8"?>
<testsuite xmlns:xsi="http://www.w3.org/2001/XMLSchema-instance" xsi:noNamespaceSchemaLocation="https://maven.apache.org/surefire/maven-surefire-plugin/xsd/surefire-test-report.xsd" name="ryanaairlib.RyanaAirTicketsPortalPageTest" time="10.177" tests="2" errors="1" skipped="0" failures="0">
  <properties>
[...]
</properties>
  <testcase name="test_suggestedFlights" classname="ryanaairlib.RyanaAirTicketsPortalPageTest" time="4.78"/>
  <testcase name="test_iCanBookFlight" classname="ryanaairlib.RyanaAirTicketsPortalPageTest" time="5.394">
    <error message="element click intercepted: Element &lt;span _ngcontent-ryanair-homepage-c104=&quot;&quot; data-ref=&quot;country__name&quot; class=&quot;countries__country-inner&quot;&gt;...&lt;/span&gt; is not clickable at point (62, 329). Other element would receive the click: &lt;div id=&quot;cookie-popup-with-overlay&quot; class=&quot;cookie-popup-with-overlay&quot; style=&quot;background: rgba(0, 0, 0, 0.4); top: 0px; left: 0px; position: fixed; z-index: 999999; width: 100vw; height: 100vh; display: flex; align-items: center; justify-content: center;&quot;&gt;...&lt;/div&gt;&#10;  (Session info: headless chrome=91.0.4472.77)&#10;Build info: version: &apos;4.1.3&apos;, revision: &apos;7b1ebf28ef&apos;&#10;System info: host: &apos;DESKTOP-160Q070&apos;, ip: &apos;172.17.192.1&apos;, os.name: &apos;Windows 10&apos;, os.arch: &apos;amd64&apos;, os.version: &apos;10.0&apos;, java.version: &apos;18&apos;&#10;Driver info: org.openqa.selenium.remote.RemoteWebDriver&#10;Command: [c98a6750a3ffef0a16f149d74a3b22c1, clickElement {id=c560f76f-3d63-46f5-abe6-eed3d13bf4e2}]&#10;Capabilities {acceptInsecureCerts: false, browserName: chrome, browserVersion: 91.0.4472.77, chrome: {chromedriverVersion: 91.0.4472.19 (1bf021f248676..., userDataDir: /tmp/.com.google.Chrome.gDofy0}, goog:chromeOptions: {debuggerAddress: localhost:44463}, javascriptEnabled: true, networkConnectionEnabled: false, pageLoadStrategy: normal, platform: LINUX, platformName: LINUX, proxy: Proxy(), setWindowRect: true, strictFileInteractability: false, timeouts: {implicit: 0, pageLoad: 300000, script: 30000}, unhandledPromptBehavior: dismiss and notify, webauthn:extension:largeBlob: true, webauthn:virtualAuthenticators: true, webdriver.remote.sessionid: c98a6750a3ffef0a16f149d74a3...}&#10;Element: [[[[RemoteWebDriver: chrome on LINUX (c98a6750a3ffef0a16f149d74a3b22c1)] -&gt; xpath: //*[starts-with(name(), &apos;fsw-origin-container&apos;)]]] -&gt; xpath: //*[starts-with(@class, &apos;countries__country-inner&apos;)]]&#10;Session ID: c98a6750a3ffef0a16f149d74a3b22c1" type="org.openqa.selenium.ElementClickInterceptedException"><![CDATA[org.openqa.selenium.ElementClickInterceptedException: 
element click intercepted: Element <span _ngcontent-ryanair-homepage-c104="" data-ref="country__name" class="countries__country-inner">...</span> is not clickable at point (62, 329). Other element would receive the click: <div id="cookie-popup-with-overlay" class="cookie-popup-with-overlay" style="background: rgba(0, 0, 0, 0.4); top: 0px; left: 0px; position: fixed; z-index: 999999; width: 100vw; height: 100vh; display: flex; align-items: center; justify-content: center;">...</div>
  (Session info: headless chrome=91.0.4472.77)
Build info: version: '4.1.3', revision: '7b1ebf28ef'
System info: host: 'DESKTOP-160Q070', ip: '172.17.192.1', os.name: 'Windows 10', os.arch: 'amd64', os.version: '10.0', java.version: '18'
Driver info: org.openqa.selenium.remote.RemoteWebDriver
Command: [c98a6750a3ffef0a16f149d74a3b22c1, clickElement {id=c560f76f-3d63-46f5-abe6-eed3d13bf4e2}]
Capabilities {acceptInsecureCerts: false, browserName: chrome, browserVersion: 91.0.4472.77, chrome: {chromedriverVersion: 91.0.4472.19 (1bf021f248676..., userDataDir: /tmp/.com.google.Chrome.gDofy0}, goog:chromeOptions: {debuggerAddress: localhost:44463}, javascriptEnabled: true, networkConnectionEnabled: false, pageLoadStrategy: normal, platform: LINUX, platformName: LINUX, proxy: Proxy(), setWindowRect: true, strictFileInteractability: false, timeouts: {implicit: 0, pageLoad: 300000, script: 30000}, unhandledPromptBehavior: dismiss and notify, webauthn:extension:largeBlob: true, webauthn:virtualAuthenticators: true, webdriver.remote.sessionid: c98a6750a3ffef0a16f149d74a3...}
Element: [[[[RemoteWebDriver: chrome on LINUX (c98a6750a3ffef0a16f149d74a3b22c1)] -> xpath: //*[starts-with(name(), 'fsw-origin-container')]]] -> xpath: //*[starts-with(@class, 'countries__country-inner')]]
Session ID: c98a6750a3ffef0a16f149d74a3b22c1
	at ryanaairlib.RyanaAirTicketsPortalPageTest.test_iCanBookFlight(RyanaAirTicketsPortalPageTest.java:53)
]]></error>
    <system-err><![CDATA[Apr 06, 2022 8:58:15 P.M. org.openqa.selenium.remote.ProtocolHandshake createSession
INFO: Detected dialect: W3C
]]></system-err>
  </testcase>
</testsuite>